Arguments: 
  /usr/local/bin/node /usr/local/bin/yarn

PATH: 
  /Users/andreasthomas/Downloads/google-cloud-sdk/bin:/Users/andreasthomas/Library/pnpm:/Library/Frameworks/Python.framework/Versions/3.10/bin:/opt/homebrew/bin:/opt/homebrew/sbin:/usr/local/bin:/usr/bin:/bin:/usr/sbin:/sbin:/Users/andreasthomas/go/bin:/usr/local/go/bin:/Library/Apple/usr/bin:/Users/andreasthomas/Downloads/google-cloud-sdk/bin:/Users/andreasthomas/Library/pnpm:/Library/Frameworks/Python.framework/Versions/3.10/bin:/opt/homebrew/bin:/opt/homebrew/sbin:/Users/andreasthomas/.cargo/bin

Yarn version: 
  1.22.19

Node version: 
  18.10.0

Platform: 
  darwin arm64

Trace: 
  Error: ENOENT: no such file or directory, copyfile '/Users/andreasthomas/Library/Caches/Yarn/v6/npm-estraverse-4.3.0-398ad3f3c5a24948be7725e83d11a7de28cdbd1d-integrity/node_modules/estraverse/LICENSE.BSD' -> '/Users/andreasthomas/github/upstash/upstash-kafka/node_modules/@typescript-eslint/utils/node_modules/estraverse/LICENSE.BSD'

npm manifest: 
  {
    "name": "@upstash/kafka",
    "version": "1.1.3",
    "engines": {
      "node": ">=10"
    },
    "description": "An HTTP/REST based Kafka client built on top of Upstash REST API.",
    "main": "./dist/index.js",
    "module": "./dist/index.mjs",
    "types": "./dist/index.d.ts",
    "exports": {
      ".": {
        "require": "./dist/index.js",
        "import": "./dist/index.mjs",
        "types": "./dist/index.d.ts"
      }
    },
    "files": [
      "package.json",
      "dist"
    ],
    "scripts": {
      "test": "jest",
      "fmt": "pnpm lint && pnpm prettier --write .",
      "lint": "eslint --ext .ts --fix .",
      "build": "tsup ./pkg/index.ts --format=cjs,esm --dts --clean --splitting"
    },
    "repository": {
      "type": "git",
      "url": "git+https://github.com/upstash/upstash-kafka.git"
    },
    "keywords": [
      "kafka",
      "database",
      "serverless",
      "edge",
      "upstash"
    ],
    "author": "Andreas Thomas <andreas.thomas@chronark.com>",
    "license": "MIT",
    "bugs": {
      "url": "https://github.com/upstash/upstash-kafka/issues"
    },
    "homepage": "https://github.com/upstash/upstash-kafka#readme",
    "directories": {
      "examples": "examples"
    },
    "devDependencies": {
      "@jest/globals": "^27.4.6",
      "@types/jest": "^27.4.0",
      "@types/node": "^17.0.8",
      "@typescript-eslint/eslint-plugin": "^5.9.1",
      "@typescript-eslint/parser": "^5.9.1",
      "dotenv": "^12.0.3",
      "eslint": "^8.6.0",
      "eslint-config-prettier": "^8.3.0",
      "eslint-plugin-prettier": "^4.0.0",
      "jest": "^27.4.7",
      "prettier": "^2.5.1",
      "ts-jest": "^27.1.3",
      "tsup": "^5.11.11",
      "typescript": "^4.5.4"
    },
    "dependencies": {
      "isomorphic-fetch": "^3.0.0"
    },
    "browser": {
      "isomorphic-fetch": false
    }
  }

yarn manifest: 
  No manifest

Lockfile: 
  No lockfile
